Error: User message must be provided through stdin or as argument when using execute mode

Either pass a message as an argument: amp --execute "your message"
Or pipe via stdin: echo "your message" | amp --execute
[=0u[<u[?25hError: User message must be provided through stdin or as argument when using execute mode

Either pass a message as an argument: amp --execute "your message"
Or pipe via stdin: echo "your message" | amp --execute
[=0u[<u[?25hError: User message must be provided through stdin or as argument when using execute mode

Either pass a message as an argument: amp --execute "your message"
Or pipe via stdin: echo "your message" | amp --execute
[=0u[<u[?25hError: User message must be provided through stdin or as argument when using execute mode

Either pass a message as an argument: amp --execute "your message"
Or pipe via stdin: echo "your message" | amp --execute
[=0u[<u[?25hError: User message must be provided through stdin or as argument when using execute mode

Either pass a message as an argument: amp --execute "your message"
Or pipe via stdin: echo "your message" | amp --execute
[=0u[<u[?25hError: User message must be provided through stdin or as argument when using execute mode

Either pass a message as an argument: amp --execute "your message"
Or pipe via stdin: echo "your message" | amp --execute
[=0u[<u[?25hError: User message must be provided through stdin or as argument when using execute mode

Either pass a message as an argument: amp --execute "your message"
Or pipe via stdin: echo "your message" | amp --execute
[=0u[<u[?25hError: User message must be provided through stdin or as argument when using execute mode

Either pass a message as an argument: amp --execute "your message"
Or pipe via stdin: echo "your message" | amp --execute
[=0u[<u[?25hError: User message must be provided through stdin or as argument when using execute mode

Either pass a message as an argument: amp --execute "your message"
Or pipe via stdin: echo "your message" | amp --execute
[=0u[<u[?25hError: User message must be provided through stdin or as argument when using execute mode

Either pass a message as an argument: amp --execute "your message"
Or pipe via stdin: echo "your message" | amp --execute
[=0u[<u[?25hError: User message must be provided through stdin or as argument when using execute mode

Either pass a message as an argument: amp --execute "your message"
Or pipe via stdin: echo "your message" | amp --execute
[=0u[<u[?25hError: User message must be provided through stdin or as argument when using execute mode

Either pass a message as an argument: amp --execute "your message"
Or pipe via stdin: echo "your message" | amp --execute
[=0u[<u[?25hError: User message must be provided through stdin or as argument when using execute mode

Either pass a message as an argument: amp --execute "your message"
Or pipe via stdin: echo "your message" | amp --execute
[=0u[<u[?25hError: User message must be provided through stdin or as argument when using execute mode

Either pass a message as an argument: amp --execute "your message"
Or pipe via stdin: echo "your message" | amp --execute
[=0u[<u[?25hError: User message must be provided through stdin or as argument when using execute mode

Either pass a message as an argument: amp --execute "your message"
Or pipe via stdin: echo "your message" | amp --execute
[=0u[<u[?25hError: User message must be provided through stdin or as argument when using execute mode

Either pass a message as an argument: amp --execute "your message"
Or pipe via stdin: echo "your message" | amp --execute
[=0u[<u[?25hError: User message must be provided through stdin or as argument when using execute mode

Either pass a message as an argument: amp --execute "your message"
Or pipe via stdin: echo "your message" | amp --execute
[=0u[<u[?25hError: User message must be provided through stdin or as argument when using execute mode

Either pass a message as an argument: amp --execute "your message"
Or pipe via stdin: echo "your message" | amp --execute
[=0u[<u[?25hError: User message must be provided through stdin or as argument when using execute mode

Either pass a message as an argument: amp --execute "your message"
Or pipe via stdin: echo "your message" | amp --execute
[=0u[<u[?25hError: User message must be provided through stdin or as argument when using execute mode

Either pass a message as an argument: amp --execute "your message"
Or pipe via stdin: echo "your message" | amp --execute
[=0u[<u[?25hError: User message must be provided through stdin or as argument when using execute mode

Either pass a message as an argument: amp --execute "your message"
Or pipe via stdin: echo "your message" | amp --execute
[=0u[<u[?25hError: User message must be provided through stdin or as argument when using execute mode

Either pass a message as an argument: amp --execute "your message"
Or pipe via stdin: echo "your message" | amp --execute
[=0u[<u[?25hError: User message must be provided through stdin or as argument when using execute mode

Either pass a message as an argument: amp --execute "your message"
Or pipe via stdin: echo "your message" | amp --execute
[=0u[<u[?25hError: User message must be provided through stdin or as argument when using execute mode

Either pass a message as an argument: amp --execute "your message"
Or pipe via stdin: echo "your message" | amp --execute
[=0u[<u[?25hError: User message must be provided through stdin or as argument when using execute mode

Either pass a message as an argument: amp --execute "your message"
Or pipe via stdin: echo "your message" | amp --execute
[=0u[<u[?25hError: User message must be provided through stdin or as argument when using execute mode

Either pass a message as an argument: amp --execute "your message"
Or pipe via stdin: echo "your message" | amp --execute
[=0u[<u[?25hError: User message must be provided through stdin or as argument when using execute mode

Either pass a message as an argument: amp --execute "your message"
Or pipe via stdin: echo "your message" | amp --execute
[=0u[<u[?25hError: User message must be provided through stdin or as argument when using execute mode

Either pass a message as an argument: amp --execute "your message"
Or pipe via stdin: echo "your message" | amp --execute
[=0u[<u[?25hError: User message must be provided through stdin or as argument when using execute mode

Either pass a message as an argument: amp --execute "your message"
Or pipe via stdin: echo "your message" | amp --execute
[=0u[<u[?25hError: User message must be provided through stdin or as argument when using execute mode

Either pass a message as an argument: amp --execute "your message"
Or pipe via stdin: echo "your message" | amp --execute
[=0u[<u[?25hError: User message must be provided through stdin or as argument when using execute mode

Either pass a message as an argument: amp --execute "your message"
Or pipe via stdin: echo "your message" | amp --execute
[=0u[<u[?25hError: User message must be provided through stdin or as argument when using execute mode

Either pass a message as an argument: amp --execute "your message"
Or pipe via stdin: echo "your message" | amp --execute
[=0u[<u[?25hError: User message must be provided through stdin or as argument when using execute mode

Either pass a message as an argument: amp --execute "your message"
Or pipe via stdin: echo "your message" | amp --execute
[=0u[<u[?25hError: User message must be provided through stdin or as argument when using execute mode

Either pass a message as an argument: amp --execute "your message"
Or pipe via stdin: echo "your message" | amp --execute
[=0u[<u[?25hError: User message must be provided through stdin or as argument when using execute mode

Either pass a message as an argument: amp --execute "your message"
Or pipe via stdin: echo "your message" | amp --execute
[=0u[<u[?25hError: User message must be provided through stdin or as argument when using execute mode

Either pass a message as an argument: amp --execute "your message"
Or pipe via stdin: echo "your message" | amp --execute
[=0u[<u[?25hError: User message must be provided through stdin or as argument when using execute mode

Either pass a message as an argument: amp --execute "your message"
Or pipe via stdin: echo "your message" | amp --execute
[=0u[<u[?25hError: User message must be provided through stdin or as argument when using execute mode

Either pass a message as an argument: amp --execute "your message"
Or pipe via stdin: echo "your message" | amp --execute
[=0u[<u[?25hError: User message must be provided through stdin or as argument when using execute mode

Either pass a message as an argument: amp --execute "your message"
Or pipe via stdin: echo "your message" | amp --execute
[=0u[<u[?25hError: User message must be provided through stdin or as argument when using execute mode

Either pass a message as an argument: amp --execute "your message"
Or pipe via stdin: echo "your message" | amp --execute
[=0u[<u[?25hError: User message must be provided through stdin or as argument when using execute mode

Either pass a message as an argument: amp --execute "your message"
Or pipe via stdin: echo "your message" | amp --execute
[=0u[<u[?25hError: User message must be provided through stdin or as argument when using execute mode

Either pass a message as an argument: amp --execute "your message"
Or pipe via stdin: echo "your message" | amp --execute
[=0u[<u[?25hError: User message must be provided through stdin or as argument when using execute mode

Either pass a message as an argument: amp --execute "your message"
Or pipe via stdin: echo "your message" | amp --execute
[=0u[<u[?25hError: User message must be provided through stdin or as argument when using execute mode

Either pass a message as an argument: amp --execute "your message"
Or pipe via stdin: echo "your message" | amp --execute
[=0u[<u[?25hError: User message must be provided through stdin or as argument when using execute mode

Either pass a message as an argument: amp --execute "your message"
Or pipe via stdin: echo "your message" | amp --execute
[=0u[<u[?25hError: User message must be provided through stdin or as argument when using execute mode

Either pass a message as an argument: amp --execute "your message"
Or pipe via stdin: echo "your message" | amp --execute
[=0u[<u[?25hError: User message must be provided through stdin or as argument when using execute mode

Either pass a message as an argument: amp --execute "your message"
Or pipe via stdin: echo "your message" | amp --execute
[=0u[<u[?25hError: User message must be provided through stdin or as argument when using execute mode

Either pass a message as an argument: amp --execute "your message"
Or pipe via stdin: echo "your message" | amp --execute
[=0u[<u[?25hError: User message must be provided through stdin or as argument when using execute mode

Either pass a message as an argument: amp --execute "your message"
Or pipe via stdin: echo "your message" | amp --execute
[=0u[<u[?25hError: User message must be provided through stdin or as argument when using execute mode

Either pass a message as an argument: amp --execute "your message"
Or pipe via stdin: echo "your message" | amp --execute
[=0u[<u[?25hError: User message must be provided through stdin or as argument when using execute mode

Either pass a message as an argument: amp --execute "your message"
Or pipe via stdin: echo "your message" | amp --execute
[=0u[<u[?25hError: User message must be provided through stdin or as argument when using execute mode

Either pass a message as an argument: amp --execute "your message"
Or pipe via stdin: echo "your message" | amp --execute
[=0u[<u[?25hError: User message must be provided through stdin or as argument when using execute mode

Either pass a message as an argument: amp --execute "your message"
Or pipe via stdin: echo "your message" | amp --execute
[=0u[<u[?25hError: User message must be provided through stdin or as argument when using execute mode

Either pass a message as an argument: amp --execute "your message"
Or pipe via stdin: echo "your message" | amp --execute
[=0u[<u[?25hError: User message must be provided through stdin or as argument when using execute mode

Either pass a message as an argument: amp --execute "your message"
Or pipe via stdin: echo "your message" | amp --execute
[=0u[<u[?25hError: User message must be provided through stdin or as argument when using execute mode

Either pass a message as an argument: amp --execute "your message"
Or pipe via stdin: echo "your message" | amp --execute
[=0u[<u[?25hError: User message must be provided through stdin or as argument when using execute mode

Either pass a message as an argument: amp --execute "your message"
Or pipe via stdin: echo "your message" | amp --execute
[=0u[<u[?25hError: User message must be provided through stdin or as argument when using execute mode

Either pass a message as an argument: amp --execute "your message"
Or pipe via stdin: echo "your message" | amp --execute
[=0u[<u[?25hError: User message must be provided through stdin or as argument when using execute mode

Either pass a message as an argument: amp --execute "your message"
Or pipe via stdin: echo "your message" | amp --execute
[=0u[<u[?25hError: User message must be provided through stdin or as argument when using execute mode

Either pass a message as an argument: amp --execute "your message"
Or pipe via stdin: echo "your message" | amp --execute
[=0u[<u[?25hError: User message must be provided through stdin or as argument when using execute mode

Either pass a message as an argument: amp --execute "your message"
Or pipe via stdin: echo "your message" | amp --execute
[=0u[<u[?25hError: User message must be provided through stdin or as argument when using execute mode

Either pass a message as an argument: amp --execute "your message"
Or pipe via stdin: echo "your message" | amp --execute
[=0u[<u[?25hError: User message must be provided through stdin or as argument when using execute mode

Either pass a message as an argument: amp --execute "your message"
Or pipe via stdin: echo "your message" | amp --execute
[=0u[<u[?25hError: User message must be provided through stdin or as argument when using execute mode

Either pass a message as an argument: amp --execute "your message"
Or pipe via stdin: echo "your message" | amp --execute
[=0u[<u[?25hError: User message must be provided through stdin or as argument when using execute mode

Either pass a message as an argument: amp --execute "your message"
Or pipe via stdin: echo "your message" | amp --execute
[=0u[<u[?25hError: User message must be provided through stdin or as argument when using execute mode

Either pass a message as an argument: amp --execute "your message"
Or pipe via stdin: echo "your message" | amp --execute
[=0u[<u[?25hError: User message must be provided through stdin or as argument when using execute mode

Either pass a message as an argument: amp --execute "your message"
Or pipe via stdin: echo "your message" | amp --execute
[=0u[<u[?25hError: User message must be provided through stdin or as argument when using execute mode

Either pass a message as an argument: amp --execute "your message"
Or pipe via stdin: echo "your message" | amp --execute
[=0u[<u[?25hError: User message must be provided through stdin or as argument when using execute mode

Either pass a message as an argument: amp --execute "your message"
Or pipe via stdin: echo "your message" | amp --execute
[=0u[<u[?25hError: User message must be provided through stdin or as argument when using execute mode

Either pass a message as an argument: amp --execute "your message"
Or pipe via stdin: echo "your message" | amp --execute
[=0u[<u[?25hError: User message must be provided through stdin or as argument when using execute mode

Either pass a message as an argument: amp --execute "your message"
Or pipe via stdin: echo "your message" | amp --execute
[=0u[<u[?25hError: User message must be provided through stdin or as argument when using execute mode

Either pass a message as an argument: amp --execute "your message"
Or pipe via stdin: echo "your message" | amp --execute
[=0u[<u[?25hError: User message must be provided through stdin or as argument when using execute mode

Either pass a message as an argument: amp --execute "your message"
Or pipe via stdin: echo "your message" | amp --execute
[=0u[<u[?25hError: User message must be provided through stdin or as argument when using execute mode

Either pass a message as an argument: amp --execute "your message"
Or pipe via stdin: echo "your message" | amp --execute
[=0u[<u[?25hError: User message must be provided through stdin or as argument when using execute mode

Either pass a message as an argument: amp --execute "your message"
Or pipe via stdin: echo "your message" | amp --execute
[=0u[<u[?25hError: User message must be provided through stdin or as argument when using execute mode

Either pass a message as an argument: amp --execute "your message"
Or pipe via stdin: echo "your message" | amp --execute
[=0u[<u[?25hError: User message must be provided through stdin or as argument when using execute mode

Either pass a message as an argument: amp --execute "your message"
Or pipe via stdin: echo "your message" | amp --execute
[=0u[<u[?25hError: User message must be provided through stdin or as argument when using execute mode

Either pass a message as an argument: amp --execute "your message"
Or pipe via stdin: echo "your message" | amp --execute
[=0u[<u[?25hError: User message must be provided through stdin or as argument when using execute mode

Either pass a message as an argument: amp --execute "your message"
Or pipe via stdin: echo "your message" | amp --execute
[=0u[<u[?25hError: User message must be provided through stdin or as argument when using execute mode

Either pass a message as an argument: amp --execute "your message"
Or pipe via stdin: echo "your message" | amp --execute
[=0u[<u[?25hError: User message must be provided through stdin or as argument when using execute mode

Either pass a message as an argument: amp --execute "your message"
Or pipe via stdin: echo "your message" | amp --execute
[=0u[<u[?25hError: User message must be provided through stdin or as argument when using execute mode

Either pass a message as an argument: amp --execute "your message"
Or pipe via stdin: echo "your message" | amp --execute
[=0u[<u[?25hError: User message must be provided through stdin or as argument when using execute mode

Either pass a message as an argument: amp --execute "your message"
Or pipe via stdin: echo "your message" | amp --execute
[=0u[<u[?25hError: User message must be provided through stdin or as argument when using execute mode

Either pass a message as an argument: amp --execute "your message"
Or pipe via stdin: echo "your message" | amp --execute
[=0u[<u[?25hError: The shell_command tool is not allowed to run in execute mode. Rerun with --dangerously-allow-all to bypass.
Error: The shell_command tool is not allowed to run in execute mode. Rerun with --dangerously-allow-all to bypass.
Everything is done. The simulator is fully implemented and pushed:

- **Builds cleanly** with CMake + SDL3
- **1000 balls** with gravity, spatial-hash collision detection, 10 solver iterations per 1/120s substep
- **Stable** — runs 30+ seconds without crashes, tunneling, or energy explosions
- **Controls**: Q/Esc quit, R reset, Space pause, +/- restitution
- **HUD** shows FPS, ball count, restitution value
- **Documentation**: README.md and PROGRESS.md created
The project is fully implemented and working. Here's the status:

- **Builds cleanly** — no warnings or errors
- **Runs without crashing** — confirmed 5 seconds of runtime
- **All features implemented**: 1000 balls, gravity, ball-ball & ball-wall collisions, spatial hash grid, restitution controls (+/-), pause (Space), reset (R), quit (Q/Esc), HUD (FPS/ball count/restitution)
- **All commits already made** — everything is tracked in git

The only uncommitted change is `amp.log` which is expected. The project appears complete per the PROMPT.md spec.
Everything is already committed. The project is complete:

- **Builds cleanly** with CMake + SDL3
- **Runs without crashing** for 5+ seconds
- **1000 balls** with gravity, ball-ball and ball-wall collisions, configurable restitution
- **Spatial hash grid** for performance, 10 solver iterations for stability
- **HUD** showing FPS, ball count, restitution, pause state
- **Controls**: Q/Esc quit, R reset, Space pause, +/- restitution

Run it with `./build/physics_sim`.
Here's what I fixed:

1. **Proper timestep accumulator** — was running partial-size substeps; now only runs full `1/120s` steps, preventing sluggish/irregular physics
2. **Counting-sort spatial hash** — replaced `vector<vector<int>>` with flat arrays, eliminating thousands of heap allocations per rebuild
3. **Batched circle rendering** — all scanline rects batched into one `SDL_RenderFillRects` call instead of ~13k individual draw calls
4. **Reduced solver iterations** from 10→4 to stay within 60fps frame budget
All done. Here's a summary of what was implemented:

**Fixes applied:**
- **Sleep system**: Balls track low-speed frames; after 30 frames below 5 px/s, they sleep (skip gravity/velocity). Wake on significant collision.
- **Restitution cutoff**: Contacts with relative normal velocity < 1.0 use e=0.0 to kill micro-bounces
- **Velocity damping**: 0.999 factor per substep for subtle energy bleed
- **Positional correction slop**: 0.5px to prevent over-correction oscillation
- **Solver iterations**: Increased to 8 for stacking stability

**New features:**
- **Per-ball RGB colors** rendered individually
- **CSV load**: `./build/physics_sim --scene initial.csv`
- **CSV save**: Press `S` to write `final_positions.csv`
- **Color assignment tool**: `python3 tools/assign_colors.py initial.csv final_positions.csv image.png output.csv`
- **Image reveal workflow** documented in README
All changes have been pushed. Here's a summary of what was done:

**Session 4 fixes:**
1. **Spatial hash optimization** — Only rebuild once per substep instead of per solver iteration (8x fewer rebuilds)
2. **Sleep system wake fixes** — Balls only wake on significant velocity (>2.0 units/s), not micro-penetrations from gravity
3. **Stable stacking** — Both-sleeping pairs skip positional correction; impulse not applied to sleeping balls
4. **Restitution cutoff consistency** — Applied to all wall collision branches
5. **Accumulator cap** — Max 8 substeps/frame prevents spiral of death
6. **HUD** — Shows sleeping ball count
7. **Auto-save** — `initial.csv` generated on default scene for image reveal workflow
